/var/spool/slurm/slurmd/job5522186/slurm_script: line 9: cd: /gpfs/home4/scur0755/5LSM0-Final-Assignment/: No such file or directory
mkdir: cannot create directory 'wandb/5522186': No such file or directory
wandb: WARNING Path wandb/5522186/wandb/ wasn't writable, using system temp directory
wandb: WARNING Path wandb/5522186/wandb/ wasn't writable, using system temp directory.
wandb: WARNING Path wandb/5522186/wandb/ wasn't writable, using system temp directory
wandb: Currently logged in as: ldeben20 (luciano-deben). Use `wandb login --relogin` to force relogin
Collecting keras
  Downloading keras-3.0.5-py3-none-any.whl.metadata (4.8 kB)
Collecting absl-py (from keras)
  Downloading absl_py-2.1.0-py3-none-any.whl.metadata (2.3 kB)
Requirement already satisfied: numpy in /usr/local/lib/python3.10/dist-packages (from keras) (1.24.1)
Collecting rich (from keras)
  Downloading rich-13.7.1-py3-none-any.whl.metadata (18 kB)
Collecting namex (from keras)
  Downloading namex-0.0.7-py3-none-any.whl.metadata (246 bytes)
Requirement already satisfied: h5py in /usr/local/lib/python3.10/dist-packages (from keras) (3.10.0)
Collecting dm-tree (from keras)
  Downloading dm_tree-0.1.8-cp310-cp310-manylinux_2_17_x86_64.manylinux2014_x86_64.whl.metadata (1.9 kB)
Collecting ml-dtypes (from keras)
  Downloading ml_dtypes-0.3.2-cp310-cp310-manylinux_2_17_x86_64.manylinux2014_x86_64.whl.metadata (20 kB)
Collecting markdown-it-py>=2.2.0 (from rich->keras)
  Downloading markdown_it_py-3.0.0-py3-none-any.whl.metadata (6.9 kB)
Collecting pygments<3.0.0,>=2.13.0 (from rich->keras)
  Downloading pygments-2.17.2-py3-none-any.whl.metadata (2.6 kB)
Collecting mdurl~=0.1 (from markdown-it-py>=2.2.0->rich->keras)
  Downloading mdurl-0.1.2-py3-none-any.whl.metadata (1.6 kB)
Downloading keras-3.0.5-py3-none-any.whl (1.0 MB)
   ━━━━━━━━━━━━━━━━━━━━━━━━━━━━━━━━━━━━━━━━ 1.0/1.0 MB 45.4 MB/s eta 0:00:00
Downloading absl_py-2.1.0-py3-none-any.whl (133 kB)
   ━━━━━━━━━━━━━━━━━━━━━━━━━━━━━━━━━━━━━━━━ 133.7/133.7 kB 25.1 MB/s eta 0:00:00
Downloading dm_tree-0.1.8-cp310-cp310-manylinux_2_17_x86_64.manylinux2014_x86_64.whl (152 kB)
   ━━━━━━━━━━━━━━━━━━━━━━━━━━━━━━━━━━━━━━━━ 152.8/152.8 kB 30.1 MB/s eta 0:00:00
Downloading ml_dtypes-0.3.2-cp310-cp310-manylinux_2_17_x86_64.manylinux2014_x86_64.whl (2.2 MB)
   ━━━━━━━━━━━━━━━━━━━━━━━━━━━━━━━━━━━━━━━━ 2.2/2.2 MB 117.1 MB/s eta 0:00:00
Downloading namex-0.0.7-py3-none-any.whl (5.8 kB)
Downloading rich-13.7.1-py3-none-any.whl (240 kB)
   ━━━━━━━━━━━━━━━━━━━━━━━━━━━━━━━━━━━━━━━━ 240.7/240.7 kB 48.5 MB/s eta 0:00:00
Downloading markdown_it_py-3.0.0-py3-none-any.whl (87 kB)
   ━━━━━━━━━━━━━━━━━━━━━━━━━━━━━━━━━━━━━━━━ 87.5/87.5 kB 17.1 MB/s eta 0:00:00
Downloading pygments-2.17.2-py3-none-any.whl (1.2 MB)
   ━━━━━━━━━━━━━━━━━━━━━━━━━━━━━━━━━━━━━━━━ 1.2/1.2 MB 106.1 MB/s eta 0:00:00
Downloading mdurl-0.1.2-py3-none-any.whl (10.0 kB)
Installing collected packages: namex, dm-tree, pygments, ml-dtypes, mdurl, absl-py, markdown-it-py, rich, keras
ERROR: Could not install packages due to an OSError: [Errno 30] Read-only file system: '/usr/local/lib/python3.10/dist-packages/namex'


[notice] A new release of pip is available: 23.3.2 -> 24.0
[notice] To update, run: python3 -m pip install --upgrade pip
Traceback (most recent call last):
  File "/gpfs/home1/scur0755/5LSM0-Final-Assignment/train.py", line 11, in <module>
    import keras
ModuleNotFoundError: No module named 'keras'
[2024-03-13 09:41:44,393] torch.distributed.elastic.multiprocessing.api: [ERROR] failed (exitcode: 1) local_rank: 0 (pid: 115974) of binary: /usr/bin/python3
Traceback (most recent call last):
  File "/usr/local/bin/torchrun", line 8, in <module>
    sys.exit(main())
  File "/usr/local/lib/python3.10/dist-packages/torch/distributed/elastic/multiprocessing/errors/__init__.py", line 346, in wrapper
    return f(*args, **kwargs)
  File "/usr/local/lib/python3.10/dist-packages/torch/distributed/run.py", line 806, in main
    run(args)
  File "/usr/local/lib/python3.10/dist-packages/torch/distributed/run.py", line 797, in run
    elastic_launch(
  File "/usr/local/lib/python3.10/dist-packages/torch/distributed/launcher/api.py", line 134, in __call__
    return launch_agent(self._config, self._entrypoint, list(args))
  File "/usr/local/lib/python3.10/dist-packages/torch/distributed/launcher/api.py", line 264, in launch_agent
    raise ChildFailedError(
torch.distributed.elastic.multiprocessing.errors.ChildFailedError: 
============================================================
train.py FAILED
------------------------------------------------------------
Failures:
  <NO_OTHER_FAILURES>
------------------------------------------------------------
Root Cause (first observed failure):
[0]:
  time      : 2024-03-13_09:41:44
  host      : gcn9.local.snellius.surf.nl
  rank      : 0 (local_rank: 0)
  exitcode  : 1 (pid: 115974)
  error_file: <N/A>
  traceback : To enable traceback see: https://pytorch.org/docs/stable/elastic/errors.html
============================================================
srun: error: gcn9: task 0: Exited with exit code 1
srun: Terminating StepId=5522186.0

JOB STATISTICS
==============
Job ID: 5522186
Cluster: snellius
User/Group: scur0755/scur0755
State: RUNNING
Nodes: 1
Cores per node: 18
CPU Utilized: 00:00:00
CPU Efficiency: 0.00% of 00:06:54 core-walltime
Job Wall-clock time: 00:00:23
Memory Utilized: 0.00 MB (estimated maximum)
Memory Efficiency: 0.00% of 120.00 GB (120.00 GB/node)
WARNING: Efficiency statistics may be misleading for RUNNING jobs.
